<?xml version="1.0" encoding="UTF-8"?>
<!-- Generated by org.testng.reporters.JUnitReportReporter -->
<testsuite hostname="DESKTOP-TVLTENJ" failures="0" tests="2" name="Automation.Batch3FinalProject.LoginTest" time="20.314" errors="0" timestamp="20 Jul 2021 06:07:01 GMT" skipped="0">
  <testcase classname="Automation.Batch3FinalProject.LoginTest" name="navigation" time="11.484"/>
  <testcase classname="Automation.Batch3FinalProject.LoginTest" name="navigation" time="8.830"/>
</testsuite> <!-- Automation.Batch3FinalProject.LoginTest -->
